<?xml version="1.0" encoding="UTF-8"?>
<!-- Generated by org.testng.reporters.JUnitReportReporter -->
<testsuite hostname="LAPTOP-G13R1R6V" failures="0" tests="1" name="day10.stringpgm" time="0.007" errors="0" timestamp="2022-01-30T23:37:06 IST" skipped="0">
  <testcase classname="day10.stringpgm" name="gethastestd" time="0.007"/>
  <system-out/>
</testsuite> <!-- day10.stringpgm -->
