<?xml version="1.0" encoding="UTF-8"?>
<!-- Generated by org.testng.reporters.JUnitReportReporter -->
<testsuite skipped="0" hostname="DESKTOP-4HIH1IO" name="threadSync.SharedProductResourse" tests="1" failures="0" timestamp="8 Aug 2021 04:52:35 GMT" time="0.030" errors="0">
  <testcase name="getall" time="0.030" classname="threadSync.SharedProductResourse"/>
</testsuite> <!-- threadSync.SharedProductResourse -->
