<?xml version="1.0" encoding="UTF-8"?>
<!-- Generated by org.testng.reporters.JUnitReportReporter -->
<testsuite hostname="LAPTOP-G13R1R6V" failures="0" tests="1" name="dayone.assccndng" time="0.008" errors="0" timestamp="2021-11-01T23:06:13 IST" skipped="0">
  <testcase classname="dayone.assccndng" name="testasdng" time="0.008"/>
  <system-out/>
</testsuite> <!-- dayone.assccndng -->
