<?xml version="1.0" encoding="UTF-8"?>
<!-- Generated by org.testng.reporters.JUnitReportReporter -->
<testsuite hostname="LAPTOP-G13R1R6V" failures="0" tests="1" name="dayone.findlrgr" time="0.009" errors="0" timestamp="2021-11-01T22:49:28 IST" skipped="0">
  <testcase classname="dayone.findlrgr" name="getingid" time="0.009"/>
  <system-out/>
</testsuite> <!-- dayone.findlrgr -->
