<?xml version="1.0" encoding="UTF-8"?>
<!-- Generated by org.testng.reporters.JUnitReportReporter -->
<testsuite skipped="0" hostname="DESKTOP-4HIH1IO" name="NewTest" tests="1" failures="0" timestamp="7 Aug 2021 17:23:00 GMT" time="0.048" errors="0">
  <testcase name="f" time="0.048" classname="NewTest"/>
</testsuite> <!-- NewTest -->
