<?xml version="1.0" encoding="UTF-8"?>
<!-- Generated by org.testng.reporters.JUnitReportReporter -->
<testsuite hostname="LAPTOP-G13R1R6V" failures="0" tests="1" name="day10.pgmprtice" time="0.007" errors="0" timestamp="2021-12-07T08:07:50 IST" skipped="0">
  <testcase classname="day10.pgmprtice" name="mypgmone" time="0.007"/>
  <system-out/>
</testsuite> <!-- day10.pgmprtice -->
