<?xml version="1.0" encoding="UTF-8"?>
<!-- Generated by org.testng.reporters.JUnitReportReporter -->
<testsuite hostname="LAPTOP-G13R1R6V" failures="0" tests="1" name="dayone.agram" time="0.007" errors="0" timestamp="2021-11-30T13:26:56 IST" skipped="0">
  <testcase classname="dayone.agram" name="allnew" time="0.007"/>
  <system-out/>
</testsuite> <!-- dayone.agram -->
