<?xml version="1.0" encoding="UTF-8"?>
<!-- Generated by org.testng.reporters.JUnitReportReporter -->
<testsuite skipped="0" hostname="DESKTOP-4HIH1IO" name="Component.NewTest" tests="1" failures="0" timestamp="8 Aug 2021 15:27:27 GMT" time="0.038" errors="0">
  <testcase name="f" time="0.038" classname="Component.NewTest"/>
</testsuite> <!-- Component.NewTest -->
